\BOOKMARK [-1][-]{part.1}{I\0401.\040Introduction}{}% 1
\BOOKMARK [0][-]{chapter.1}{Introduction}{part.1}% 2
\BOOKMARK [1][-]{section.1.1}{Structured\040vs\040Unstructured}{chapter.1}% 3
\BOOKMARK [1][-]{section.1.2}{Data\040Structures}{chapter.1}% 4
\BOOKMARK [1][-]{section.1.3}{OLTP\040and\040OLAP}{chapter.1}% 5
\BOOKMARK [-1][-]{part.2}{II\0402.\040Data\040Preparation}{}% 6
\BOOKMARK [0][-]{chapter.2}{Introduction}{part.2}% 7
\BOOKMARK [1][-]{section.2.1}{why\040Data\040Preparation?}{chapter.2}% 8
\BOOKMARK [1][-]{section.2.2}{Further\040reading}{chapter.2}% 9
\BOOKMARK [0][-]{chapter.3}{Missing\040Data}{part.2}% 10
\BOOKMARK [1][-]{section.3.1}{Kamyr\040digester}{chapter.3}% 11
\BOOKMARK [1][-]{section.3.2}{Travel\040times}{chapter.3}% 12
\BOOKMARK [1][-]{section.3.3}{Material\040properties}{chapter.3}% 13
\BOOKMARK [0][-]{chapter.4}{Concatenation\040and\040deduplication}{part.2}% 14
\BOOKMARK [1][-]{section.4.1}{Concatenation}{chapter.4}% 15
\BOOKMARK [1][-]{section.4.2}{Deduplication}{chapter.4}% 16
\BOOKMARK [0][-]{chapter.5}{Outliers\040and\040validity}{part.2}% 17
\BOOKMARK [1][-]{section.5.1}{Silicon\040wafer\040thickness}{chapter.5}% 18
\BOOKMARK [1][-]{section.5.2}{Distillation\040column}{chapter.5}% 19
\BOOKMARK [0][-]{chapter.6}{String\040operations}{part.2}% 20
\BOOKMARK [0][-]{chapter.7}{Datetime\040operations}{part.2}% 21
\BOOKMARK [0][-]{chapter.8}{Categorical\040encoding}{part.2}% 22
\BOOKMARK [1][-]{section.8.1}{Raw\040Material\040Charaterization}{chapter.8}% 23
\BOOKMARK [0][-]{chapter.9}{Restaurant\040tips}{part.2}% 24
\BOOKMARK [0][-]{chapter.10}{Scaling\040and\040Normalization}{part.2}% 25
\BOOKMARK [0][-]{chapter.11}{Binning\040and\040ranking}{part.2}% 26
\BOOKMARK [1][-]{section.11.1}{Binning}{chapter.11}% 27
\BOOKMARK [1][-]{section.11.2}{Ranking}{chapter.11}% 28
\BOOKMARK [0][-]{chapter.12}{Some\040practice}{part.2}% 29
\BOOKMARK [-1][-]{part.3}{III\0403.\040Data\040Preprocessing}{}% 30
\BOOKMARK [0][-]{chapter.13}{Data\040Preprocessing}{part.3}% 31
\BOOKMARK [0][-]{chapter.14}{Indexing\040and\040slicing}{part.3}% 32
\BOOKMARK [0][-]{chapter.15}{Merge}{part.3}% 33
\BOOKMARK [0][-]{chapter.16}{Groupby}{part.3}% 34
\BOOKMARK [0][-]{chapter.17}{Pivot}{part.3}% 35
\BOOKMARK [-1][-]{part.4}{IV\0404.\040Data\040Visualisation}{}% 36
\BOOKMARK [0][-]{chapter.18}{Introduction}{part.4}% 37
\BOOKMARK [0][-]{chapter.19}{Line\040plot}{part.4}% 38
\BOOKMARK [0][-]{chapter.20}{Histogram\040plot}{part.4}% 39
\BOOKMARK [0][-]{chapter.21}{Box\040plot}{part.4}% 40
\BOOKMARK [0][-]{chapter.22}{Scatter\040plot}{part.4}% 41
\BOOKMARK [0][-]{chapter.23}{Heatmap\040plot}{part.4}% 42
\BOOKMARK [-1][-]{part.5}{V\0405.\040Data\040Exploration}{}% 43
\BOOKMARK [0][-]{chapter.24}{Introduction}{part.5}% 44
\BOOKMARK [0][-]{chapter.25}{Variable\040identification}{part.5}% 45
\BOOKMARK [1][-]{section.25.1}{description}{chapter.25}% 46
\BOOKMARK [1][-]{section.25.2}{Uniques,\040frequencies\040and\040ranges}{chapter.25}% 47
\BOOKMARK [1][-]{section.25.3}{mean\040and\040deviation}{chapter.25}% 48
\BOOKMARK [1][-]{section.25.4}{median\040and\040interquantile\040range}{chapter.25}% 49
\BOOKMARK [1][-]{section.25.5}{modes\040and\040frequencies}{chapter.25}% 50
\BOOKMARK [0][-]{chapter.26}{Uni-variate\040analysis}{part.5}% 51
\BOOKMARK [1][-]{section.26.1}{Nominal\040data}{chapter.26}% 52
\BOOKMARK [1][-]{section.26.2}{Ordinal\040data}{chapter.26}% 53
\BOOKMARK [1][-]{section.26.3}{Continuous\040data}{chapter.26}% 54
\BOOKMARK [0][-]{chapter.27}{Bi-variate\040analysis}{part.5}% 55
\BOOKMARK [1][-]{section.27.1}{Categorical\040vs\040categorical}{chapter.27}% 56
\BOOKMARK [1][-]{section.27.2}{Categorical\040vs\040continuous}{chapter.27}% 57
\BOOKMARK [1][-]{section.27.3}{Continuous\040vs\040continuous}{chapter.27}% 58
\BOOKMARK [0][-]{chapter.28}{New\040Data\040Sources}{part.5}% 59
\BOOKMARK [0][-]{chapter.29}{Feature\040Enhancing}{part.5}% 60
\BOOKMARK [0][-]{chapter.30}{Cluster\040analysis}{part.5}% 61
\BOOKMARK [0][-]{chapter.31}{VIF:\040Variance\040Inflation\040Factor}{part.5}% 62
\BOOKMARK [1][-]{section.31.1}{TODO}{chapter.31}% 63
\BOOKMARK [0][-]{chapter.32}{Principle\040Component\040Analysis}{part.5}% 64
\BOOKMARK [1][-]{section.32.1}{TODO}{chapter.32}% 65
\BOOKMARK [-1][-]{part.6}{VI\0406.\040Machine\040Learning}{}% 66
\BOOKMARK [0][-]{chapter.33}{Machine\040Learning}{part.6}% 67
